{"name": "test_right_way", "status": "broken", "statusDetails": {"message": "selenium.common.exceptions.TimeoutException: Message:", "trace": "tests\\test_shop.py:81: in test_right_way\n    WebDriverWait(browser, timeout=10, poll_frequency=2).until(EC.text_to_be_present_in_element(\n        browser    = <selenium.webdriver.chrome.webdriver.WebDriver (session=\"943cb1dc609d39c727bc107150cccca5\")>\n        cleare_report = None\nenv\\Lib\\site-packages\\selenium\\webdriver\\support\\wait.py:95: in until\n    raise TimeoutException(message, screen, stacktrace)\nE   selenium.common.exceptions.TimeoutException: Message:\n        end_time   = 520478.515\n        message    = ''\n        method     = <function text_to_be_present_in_element.<locals>._predicate at 0x000002505EC449A0>\n        screen     = None\n        self       = <selenium.webdriver.support.wait.WebDriverWait (session=\"943cb1dc609d39c727bc107150cccca5\")>\n        stacktrace = None\n        value      = False"}, "description": "\n    Test case TC-4\n    ", "start": 1682348339375, "stop": 1682348356456, "uuid": "553eed23-a860-40f9-ad01-55aee4d2b324", "historyId": "832350b147fac251f172289a626c5cba", "testCaseId": "7b8323124234f69a8fde1e3de50f452e", "fullName": "tests.test_shop#test_right_way", "labels": [{"name": "parentSuite", "value": "tests"}, {"name": "suite", "value": "test_shop"}, {"name": "host", "value": "DDA"}, {"name": "thread", "value": "14272-MainThread"}, {"name": "framework", "value": "pytest"}, {"name": "language", "value": "cpython3"}, {"name": "package", "value": "tests.test_shop"}]}