{"name": "test_right_way", "status": "broken", "statusDetails": {"message": "selenium.common.exceptions.InvalidSelectorException: Message: invalid selector: Unable to locate an element with the xpath expression [//*[@id='cart-modal']/div[2]/div[2]/div/div/p[2]/a[2]] because of the following error:\nSyntaxError: Failed to execute 'evaluate' on 'Document': The string '[//*[@id='cart-modal']/div[2]/div[2]/div/div/p[2]/a[2]]' is not a valid XPath expression.\n  (Session info: chrome=112.0.5615.138)\nStacktrace:\nBacktrace:\n\tGetHandleVerifier [0x0100DCE3+50899]\n\t(No symbol) [0x00F9E111]\n\t(No symbol) [0x00EA5588]\n\t(No symbol) [0x00EA7EDB]\n\t(No symbol) [0x00EA7DB0]\n\t(No symbol) [0x00EA8030]\n\t(No symbol) [0x00ED0552]\n\t(No symbol) [0x00ED0AFB]\n\t(No symbol) [0x00EFF902]\n\t(No symbol) [0x00EEB944]\n\t(No symbol) [0x00EFE01C]\n\t(No symbol) [0x00EEB6F6]\n\t(No symbol) [0x00EC7708]\n\t(No symbol) [0x00EC886D]\n\tGetHandleVerifier [0x01273EAE+2566302]\n\tGetHandleVerifier [0x012A92B1+2784417]\n\tGetHandleVerifier [0x012A327C+2759788]\n\tGetHandleVerifier [0x010A5740+672048]\n\t(No symbol) [0x00FA8872]\n\t(No symbol) [0x00FA41C8]\n\t(No symbol) [0x00FA42AB]\n\t(No symbol) [0x00F971B7]\n\tBaseThreadInitThunk [0x748E62C4+36]\n\tRtlSubscribeWnfStateChangeNotification [0x77D11B69+1081]\n\tRtlSubscribeWnfStateChangeNotification [0x77D11B34+1028]", "trace": "tests\\test_shop.py:96: in test_right_way\n    cart_is_visible = browser.find_element(\n        browser    = <selenium.webdriver.chrome.webdriver.WebDriver (session=\"519f684134a96a08fbcf5d222803c4cc\")>\n        cleare_report = None\n        element    = <selenium.webdriver.remote.webelement.WebElement (session=\"519f684134a96a08fbcf5d222803c4cc\", element=\"a98b4491-4673-41ba-a936-df30183c6db0\")>\n        product    = <selenium.webdriver.remote.webelement.WebElement (session=\"519f684134a96a08fbcf5d222803c4cc\", element=\"e23db231-7774-4895-9496-71fa4ffea53a\")>\nenv\\Lib\\site-packages\\selenium\\webdriver\\remote\\webdriver.py:831: in find_element\n    return self.execute(Command.FIND_ELEMENT, {\"using\": by, \"value\": value})[\"value\"]\n        by         = 'xpath'\n        self       = <selenium.webdriver.chrome.webdriver.WebDriver (session=\"519f684134a96a08fbcf5d222803c4cc\")>\n        value      = \"[//*[@id='cart-modal']/div[2]/div[2]/div/div/p[2]/a[2]]\"\nenv\\Lib\\site-packages\\selenium\\webdriver\\remote\\webdriver.py:440: in execute\n    self.error_handler.check_response(response)\n        driver_command = 'findElement'\n        params     = {'using': 'xpath', 'value': \"[//*[@id='cart-modal']/div[2]/div[2]/div/div/p[2]/a[2]]\"}\n        response   = {'status': 400, 'value': '{\"value\":{\"error\":\"invalid selector\",\"message\":\"invalid selector: Unable to locate an elemen...cribeWnfStateChangeNotification [0x77D11B69+1081]\\\\n\\\\tRtlSubscribeWnfStateChangeNotification [0x77D11B34+1028]\\\\n\"}}'}\n        self       = <selenium.webdriver.chrome.webdriver.WebDriver (session=\"519f684134a96a08fbcf5d222803c4cc\")>\nenv\\Lib\\site-packages\\selenium\\webdriver\\remote\\errorhandler.py:245: in check_response\n    raise exception_class(message, screen, stacktrace)\nE   selenium.common.exceptions.InvalidSelectorException: Message: invalid selector: Unable to locate an element with the xpath expression [//*[@id='cart-modal']/div[2]/div[2]/div/div/p[2]/a[2]] because of the following error:\nE   SyntaxError: Failed to execute 'evaluate' on 'Document': The string '[//*[@id='cart-modal']/div[2]/div[2]/div/div/p[2]/a[2]]' is not a valid XPath expression.\nE     (Session info: chrome=112.0.5615.138)\nE   Stacktrace:\nE   Backtrace:\nE   \tGetHandleVerifier [0x0100DCE3+50899]\nE   \t(No symbol) [0x00F9E111]\nE   \t(No symbol) [0x00EA5588]\nE   \t(No symbol) [0x00EA7EDB]\nE   \t(No symbol) [0x00EA7DB0]\nE   \t(No symbol) [0x00EA8030]\nE   \t(No symbol) [0x00ED0552]\nE   \t(No symbol) [0x00ED0AFB]\nE   \t(No symbol) [0x00EFF902]\nE   \t(No symbol) [0x00EEB944]\nE   \t(No symbol) [0x00EFE01C]\nE   \t(No symbol) [0x00EEB6F6]\nE   \t(No symbol) [0x00EC7708]\nE   \t(No symbol) [0x00EC886D]\nE   \tGetHandleVerifier [0x01273EAE+2566302]\nE   \tGetHandleVerifier [0x012A92B1+2784417]\nE   \tGetHandleVerifier [0x012A327C+2759788]\nE   \tGetHandleVerifier [0x010A5740+672048]\nE   \t(No symbol) [0x00FA8872]\nE   \t(No symbol) [0x00FA41C8]\nE   \t(No symbol) [0x00FA42AB]\nE   \t(No symbol) [0x00F971B7]\nE   \tBaseThreadInitThunk [0x748E62C4+36]\nE   \tRtlSubscribeWnfStateChangeNotification [0x77D11B69+1081]\nE   \tRtlSubscribeWnfStateChangeNotification [0x77D11B34+1028]\n        exception_class = <class 'selenium.common.exceptions.InvalidSelectorException'>\n        json       = <module 'json' from 'C:\\\\Users\\\\Дима\\\\AppData\\\\Local\\\\Programs\\\\Python\\\\Python311\\\\Lib\\\\json\\\\__init__.py'>\n        message    = \"invalid selector: Unable to locate an element with the xpath expression [//*[@id='cart-modal']/div[2]/div[2]/div/div/...rt-modal']/div[2]/div[2]/div/div/p[2]/a[2]]' is not a valid XPath expression.\\n  (Session info: chrome=112.0.5615.138)\"\n        response   = {'status': 400, 'value': '{\"value\":{\"error\":\"invalid selector\",\"message\":\"invalid selector: Unable to locate an elemen...cribeWnfStateChangeNotification [0x77D11B69+1081]\\\\n\\\\tRtlSubscribeWnfStateChangeNotification [0x77D11B34+1028]\\\\n\"}}'}\n        screen     = None\n        self       = <selenium.webdriver.remote.errorhandler.ErrorHandler object at 0x0000018A41B02350>\n        st_value   = 'Backtrace:\\n\\tGetHandleVerifier [0x0100DCE3+50899]\\n\\t(No symbol) [0x00F9E111]\\n\\t(No symbol) [0x00EA5588]\\n\\t(No sym...RtlSubscribeWnfStateChangeNotification [0x77D11B69+1081]\\n\\tRtlSubscribeWnfStateChangeNotification [0x77D11B34+1028]\\n'\n        stacktrace = ['Backtrace:', '\\tGetHandleVerifier [0x0100DCE3+50899]', '\\t(No symbol) [0x00F9E111]', '\\t(No symbol) [0x00EA5588]', '\\t(No symbol) [0x00EA7EDB]', '\\t(No symbol) [0x00EA7DB0]', ...]\n        status     = 'invalid selector'\n        value      = {'error': 'invalid selector', 'message': \"invalid selector: Unable to locate an element with the xpath expression [//*...tlSubscribeWnfStateChangeNotification [0x77D11B69+1081]\\n\\tRtlSubscribeWnfStateChangeNotification [0x77D11B34+1028]\\n'}\n        value_json = '{\"value\":{\"error\":\"invalid selector\",\"message\":\"invalid selector: Unable to locate an element with the xpath expressi...scribeWnfStateChangeNotification [0x77D11B69+1081]\\\\n\\\\tRtlSubscribeWnfStateChangeNotification [0x77D11B34+1028]\\\\n\"}}'"}, "description": "\n    Test case TC-4\n    ", "start": 1682349266730, "stop": 1682349284009, "uuid": "6fc41eb9-11cc-4826-90de-aea69e88d526", "historyId": "832350b147fac251f172289a626c5cba", "testCaseId": "7b8323124234f69a8fde1e3de50f452e", "fullName": "tests.test_shop#test_right_way", "labels": [{"name": "parentSuite", "value": "tests"}, {"name": "suite", "value": "test_shop"}, {"name": "host", "value": "DDA"}, {"name": "thread", "value": "1996-MainThread"}, {"name": "framework", "value": "pytest"}, {"name": "language", "value": "cpython3"}, {"name": "package", "value": "tests.test_shop"}]}