{"name": "test_right_way", "status": "broken", "statusDetails": {"message": "selenium.common.exceptions.NoSuchElementException: Message: no such element: Unable to locate element: {\"method\":\"css selector\",\"selector\":\"[data-product_sku='4XAVRC352']\"}\n  (Session info: chrome=112.0.5615.138)\nStacktrace:\nBacktrace:\n\tGetHandleVerifier [0x0100DCE3+50899]\n\t(No symbol) [0x00F9E111]\n\t(No symbol) [0x00EA5588]\n\t(No symbol) [0x00ED08F9]\n\t(No symbol) [0x00ED0AFB]\n\t(No symbol) [0x00EFF902]\n\t(No symbol) [0x00EEB944]\n\t(No symbol) [0x00EFE01C]\n\t(No symbol) [0x00EEB6F6]\n\t(No symbol) [0x00EC7708]\n\t(No symbol) [0x00EC886D]\n\tGetHandleVerifier [0x01273EAE+2566302]\n\tGetHandleVerifier [0x012A92B1+2784417]\n\tGetHandleVerifier [0x012A327C+2759788]\n\tGetHandleVerifier [0x010A5740+672048]\n\t(No symbol) [0x00FA8872]\n\t(No symbol) [0x00FA41C8]\n\t(No symbol) [0x00FA42AB]\n\t(No symbol) [0x00F971B7]\n\tBaseThreadInitThunk [0x748E62C4+36]\n\tRtlSubscribeWnfStateChangeNotification [0x77D11B69+1081]\n\tRtlSubscribeWnfStateChangeNotification [0x77D11B34+1028]", "trace": "tests\\test_shop.py:87: in test_right_way\n    product = browser.find_element(by=By.CSS_SELECTOR, value=\"[data-product_sku='4XAVRC352']\")\n        browser    = <selenium.webdriver.chrome.webdriver.WebDriver (session=\"42a257b45abdf03300b6fd1ec29c6868\")>\n        cleare_report = None\n        element    = <selenium.webdriver.remote.webelement.WebElement (session=\"42a257b45abdf03300b6fd1ec29c6868\", element=\"e619a4e9-b247-492e-9b0a-1be07646797a\")>\nenv\\Lib\\site-packages\\selenium\\webdriver\\remote\\webdriver.py:831: in find_element\n    return self.execute(Command.FIND_ELEMENT, {\"using\": by, \"value\": value})[\"value\"]\n        by         = 'css selector'\n        self       = <selenium.webdriver.chrome.webdriver.WebDriver (session=\"42a257b45abdf03300b6fd1ec29c6868\")>\n        value      = \"[data-product_sku='4XAVRC352']\"\nenv\\Lib\\site-packages\\selenium\\webdriver\\remote\\webdriver.py:440: in execute\n    self.error_handler.check_response(response)\n        driver_command = 'findElement'\n        params     = {'using': 'css selector', 'value': \"[data-product_sku='4XAVRC352']\"}\n        response   = {'status': 404, 'value': '{\"value\":{\"error\":\"no such element\",\"message\":\"no such element: Unable to locate element: {\\...cribeWnfStateChangeNotification [0x77D11B69+1081]\\\\n\\\\tRtlSubscribeWnfStateChangeNotification [0x77D11B34+1028]\\\\n\"}}'}\n        self       = <selenium.webdriver.chrome.webdriver.WebDriver (session=\"42a257b45abdf03300b6fd1ec29c6868\")>\nenv\\Lib\\site-packages\\selenium\\webdriver\\remote\\errorhandler.py:245: in check_response\n    raise exception_class(message, screen, stacktrace)\nE   selenium.common.exceptions.NoSuchElementException: Message: no such element: Unable to locate element: {\"method\":\"css selector\",\"selector\":\"[data-product_sku='4XAVRC352']\"}\nE     (Session info: chrome=112.0.5615.138)\nE   Stacktrace:\nE   Backtrace:\nE   \tGetHandleVerifier [0x0100DCE3+50899]\nE   \t(No symbol) [0x00F9E111]\nE   \t(No symbol) [0x00EA5588]\nE   \t(No symbol) [0x00ED08F9]\nE   \t(No symbol) [0x00ED0AFB]\nE   \t(No symbol) [0x00EFF902]\nE   \t(No symbol) [0x00EEB944]\nE   \t(No symbol) [0x00EFE01C]\nE   \t(No symbol) [0x00EEB6F6]\nE   \t(No symbol) [0x00EC7708]\nE   \t(No symbol) [0x00EC886D]\nE   \tGetHandleVerifier [0x01273EAE+2566302]\nE   \tGetHandleVerifier [0x012A92B1+2784417]\nE   \tGetHandleVerifier [0x012A327C+2759788]\nE   \tGetHandleVerifier [0x010A5740+672048]\nE   \t(No symbol) [0x00FA8872]\nE   \t(No symbol) [0x00FA41C8]\nE   \t(No symbol) [0x00FA42AB]\nE   \t(No symbol) [0x00F971B7]\nE   \tBaseThreadInitThunk [0x748E62C4+36]\nE   \tRtlSubscribeWnfStateChangeNotification [0x77D11B69+1081]\nE   \tRtlSubscribeWnfStateChangeNotification [0x77D11B34+1028]\n        exception_class = <class 'selenium.common.exceptions.NoSuchElementException'>\n        json       = <module 'json' from 'C:\\\\Users\\\\Дима\\\\AppData\\\\Local\\\\Programs\\\\Python\\\\Python311\\\\Lib\\\\json\\\\__init__.py'>\n        message    = 'no such element: Unable to locate element: {\"method\":\"css selector\",\"selector\":\"[data-product_sku=\\'4XAVRC352\\']\"}\\n  (Session info: chrome=112.0.5615.138)'\n        response   = {'status': 404, 'value': '{\"value\":{\"error\":\"no such element\",\"message\":\"no such element: Unable to locate element: {\\...cribeWnfStateChangeNotification [0x77D11B69+1081]\\\\n\\\\tRtlSubscribeWnfStateChangeNotification [0x77D11B34+1028]\\\\n\"}}'}\n        screen     = None\n        self       = <selenium.webdriver.remote.errorhandler.ErrorHandler object at 0x00000281D8D26C90>\n        st_value   = 'Backtrace:\\n\\tGetHandleVerifier [0x0100DCE3+50899]\\n\\t(No symbol) [0x00F9E111]\\n\\t(No symbol) [0x00EA5588]\\n\\t(No sym...RtlSubscribeWnfStateChangeNotification [0x77D11B69+1081]\\n\\tRtlSubscribeWnfStateChangeNotification [0x77D11B34+1028]\\n'\n        stacktrace = ['Backtrace:', '\\tGetHandleVerifier [0x0100DCE3+50899]', '\\t(No symbol) [0x00F9E111]', '\\t(No symbol) [0x00EA5588]', '\\t(No symbol) [0x00ED08F9]', '\\t(No symbol) [0x00ED0AFB]', ...]\n        status     = 'no such element'\n        value      = {'error': 'no such element', 'message': 'no such element: Unable to locate element: {\"method\":\"css selector\",\"selector...tlSubscribeWnfStateChangeNotification [0x77D11B69+1081]\\n\\tRtlSubscribeWnfStateChangeNotification [0x77D11B34+1028]\\n'}\n        value_json = '{\"value\":{\"error\":\"no such element\",\"message\":\"no such element: Unable to locate element: {\\\\\"method\\\\\":\\\\\"css select...scribeWnfStateChangeNotification [0x77D11B69+1081]\\\\n\\\\tRtlSubscribeWnfStateChangeNotification [0x77D11B34+1028]\\\\n\"}}'"}, "description": "\n    Test case TC-4\n    ", "start": 1682349172126, "stop": 1682349178835, "uuid": "0f5c338e-408a-4539-9dd3-c250b1866735", "historyId": "832350b147fac251f172289a626c5cba", "testCaseId": "7b8323124234f69a8fde1e3de50f452e", "fullName": "tests.test_shop#test_right_way", "labels": [{"name": "parentSuite", "value": "tests"}, {"name": "suite", "value": "test_shop"}, {"name": "host", "value": "DDA"}, {"name": "thread", "value": "6704-MainThread"}, {"name": "framework", "value": "pytest"}, {"name": "language", "value": "cpython3"}, {"name": "package", "value": "tests.test_shop"}]}