{"name": "test_right_way", "status": "broken", "statusDetails": {"message": "selenium.common.exceptions.TimeoutException: Message:", "trace": "tests\\test_shop.py:81: in test_right_way\n    WebDriverWait(browser, timeout=10, poll_frequency=2).until(EC.text_to_be_present_in_element(\n        browser    = <selenium.webdriver.chrome.webdriver.WebDriver (session=\"74f5923584a90d84e6bd10ef2b8ac6a6\")>\n        cleare_report = None\nenv\\Lib\\site-packages\\selenium\\webdriver\\support\\wait.py:95: in until\n    raise TimeoutException(message, screen, stacktrace)\nE   selenium.common.exceptions.TimeoutException: Message:\n        end_time   = 520793.406\n        message    = ''\n        method     = <function text_to_be_present_in_element.<locals>._predicate at 0x000001A08A7549A0>\n        screen     = None\n        self       = <selenium.webdriver.support.wait.WebDriverWait (session=\"74f5923584a90d84e6bd10ef2b8ac6a6\")>\n        stacktrace = None\n        value      = False"}, "description": "\n    Test case TC-4\n    ", "start": 1682348653929, "stop": 1682348671392, "uuid": "15baeb0c-b630-49e5-81f9-d0a7accf639a", "historyId": "832350b147fac251f172289a626c5cba", "testCaseId": "7b8323124234f69a8fde1e3de50f452e", "fullName": "tests.test_shop#test_right_way", "labels": [{"name": "parentSuite", "value": "tests"}, {"name": "suite", "value": "test_shop"}, {"name": "host", "value": "DDA"}, {"name": "thread", "value": "11948-MainThread"}, {"name": "framework", "value": "pytest"}, {"name": "language", "value": "cpython3"}, {"name": "package", "value": "tests.test_shop"}]}