{"name": "test_products_group", "status": "broken", "statusDetails": {"message": "selenium.common.exceptions.NoSuchElementException: Message: no such element: Unable to locate element: {\"method\":\"css selector\",\"selector\":\"[class='tab-sale ']\"}\n  (Session info: chrome=112.0.5615.138)\nStacktrace:\nBacktrace:\n\tGetHandleVerifier [0x0100DCE3+50899]\n\t(No symbol) [0x00F9E111]\n\t(No symbol) [0x00EA5588]\n\t(No symbol) [0x00ED08F9]\n\t(No symbol) [0x00ED0AFB]\n\t(No symbol) [0x00EFF902]\n\t(No symbol) [0x00EEB944]\n\t(No symbol) [0x00EFE01C]\n\t(No symbol) [0x00EEB6F6]\n\t(No symbol) [0x00EC7708]\n\t(No symbol) [0x00EC886D]\n\tGetHandleVerifier [0x01273EAE+2566302]\n\tGetHandleVerifier [0x012A92B1+2784417]\n\tGetHandleVerifier [0x012A327C+2759788]\n\tGetHandleVerifier [0x010A5740+672048]\n\t(No symbol) [0x00FA8872]\n\t(No symbol) [0x00FA41C8]\n\t(No symbol) [0x00FA42AB]\n\t(No symbol) [0x00F971B7]\n\tBaseThreadInitThunk [0x748E62C4+36]\n\tRtlSubscribeWnfStateChangeNotification [0x77D11B69+1081]\n\tRtlSubscribeWnfStateChangeNotification [0x77D11B34+1028]", "trace": "tests\\test_shop.py:49: in test_products_group\n    element = browser.find_element(by=By.CSS_SELECTOR, value=item[2])\n        browser    = <selenium.webdriver.chrome.webdriver.WebDriver (session=\"5a8471b185995869fce13dac48de8fb7\")>\n        cleare_report = None\n        element    = <selenium.webdriver.remote.webelement.WebElement (session=\"5a8471b185995869fce13dac48de8fb7\", element=\"9a8b7909-5150-4db8-bf78-7043b59bc912\")>\n        elements   = [<selenium.webdriver.remote.webelement.WebElement (session=\"5a8471b185995869fce13dac48de8fb7\", element=\"5727e5ce-6db2-...te.webelement.WebElement (session=\"5a8471b185995869fce13dac48de8fb7\", element=\"60dcb9b4-9eb3-4a60-98a6-8fa1d50a1ab7\")>]\n        expected_menu = [('Все', '', \"[class='tab-all active']\"), ('Бестселлеры', '/?products_group=best_sellers', \"[class='tab-best_sellers '... '/?products_group=new', \"[class='tab-new ']\"), ('Распродажа товаров', '/?products_group=sale', \"[class='tab-sale ']\")]\n        item       = ('Распродажа товаров', '/?products_group=sale', \"[class='tab-sale ']\")\n        menu_element = \"[class='catalog-toolbar-tabs__content'] a\"\nenv\\Lib\\site-packages\\selenium\\webdriver\\remote\\webdriver.py:831: in find_element\n    return self.execute(Command.FIND_ELEMENT, {\"using\": by, \"value\": value})[\"value\"]\n        by         = 'css selector'\n        self       = <selenium.webdriver.chrome.webdriver.WebDriver (session=\"5a8471b185995869fce13dac48de8fb7\")>\n        value      = \"[class='tab-sale ']\"\nenv\\Lib\\site-packages\\selenium\\webdriver\\remote\\webdriver.py:440: in execute\n    self.error_handler.check_response(response)\n        driver_command = 'findElement'\n        params     = {'using': 'css selector', 'value': \"[class='tab-sale ']\"}\n        response   = {'status': 404, 'value': '{\"value\":{\"error\":\"no such element\",\"message\":\"no such element: Unable to locate element: {\\...cribeWnfStateChangeNotification [0x77D11B69+1081]\\\\n\\\\tRtlSubscribeWnfStateChangeNotification [0x77D11B34+1028]\\\\n\"}}'}\n        self       = <selenium.webdriver.chrome.webdriver.WebDriver (session=\"5a8471b185995869fce13dac48de8fb7\")>\nenv\\Lib\\site-packages\\selenium\\webdriver\\remote\\errorhandler.py:245: in check_response\n    raise exception_class(message, screen, stacktrace)\nE   selenium.common.exceptions.NoSuchElementException: Message: no such element: Unable to locate element: {\"method\":\"css selector\",\"selector\":\"[class='tab-sale ']\"}\nE     (Session info: chrome=112.0.5615.138)\nE   Stacktrace:\nE   Backtrace:\nE   \tGetHandleVerifier [0x0100DCE3+50899]\nE   \t(No symbol) [0x00F9E111]\nE   \t(No symbol) [0x00EA5588]\nE   \t(No symbol) [0x00ED08F9]\nE   \t(No symbol) [0x00ED0AFB]\nE   \t(No symbol) [0x00EFF902]\nE   \t(No symbol) [0x00EEB944]\nE   \t(No symbol) [0x00EFE01C]\nE   \t(No symbol) [0x00EEB6F6]\nE   \t(No symbol) [0x00EC7708]\nE   \t(No symbol) [0x00EC886D]\nE   \tGetHandleVerifier [0x01273EAE+2566302]\nE   \tGetHandleVerifier [0x012A92B1+2784417]\nE   \tGetHandleVerifier [0x012A327C+2759788]\nE   \tGetHandleVerifier [0x010A5740+672048]\nE   \t(No symbol) [0x00FA8872]\nE   \t(No symbol) [0x00FA41C8]\nE   \t(No symbol) [0x00FA42AB]\nE   \t(No symbol) [0x00F971B7]\nE   \tBaseThreadInitThunk [0x748E62C4+36]\nE   \tRtlSubscribeWnfStateChangeNotification [0x77D11B69+1081]\nE   \tRtlSubscribeWnfStateChangeNotification [0x77D11B34+1028]\n        exception_class = <class 'selenium.common.exceptions.NoSuchElementException'>\n        json       = <module 'json' from 'C:\\\\Users\\\\Дима\\\\AppData\\\\Local\\\\Programs\\\\Python\\\\Python311\\\\Lib\\\\json\\\\__init__.py'>\n        message    = 'no such element: Unable to locate element: {\"method\":\"css selector\",\"selector\":\"[class=\\'tab-sale \\']\"}\\n  (Session info: chrome=112.0.5615.138)'\n        response   = {'status': 404, 'value': '{\"value\":{\"error\":\"no such element\",\"message\":\"no such element: Unable to locate element: {\\...cribeWnfStateChangeNotification [0x77D11B69+1081]\\\\n\\\\tRtlSubscribeWnfStateChangeNotification [0x77D11B34+1028]\\\\n\"}}'}\n        screen     = None\n        self       = <selenium.webdriver.remote.errorhandler.ErrorHandler object at 0x000001FE1D7FABD0>\n        st_value   = 'Backtrace:\\n\\tGetHandleVerifier [0x0100DCE3+50899]\\n\\t(No symbol) [0x00F9E111]\\n\\t(No symbol) [0x00EA5588]\\n\\t(No sym...RtlSubscribeWnfStateChangeNotification [0x77D11B69+1081]\\n\\tRtlSubscribeWnfStateChangeNotification [0x77D11B34+1028]\\n'\n        stacktrace = ['Backtrace:', '\\tGetHandleVerifier [0x0100DCE3+50899]', '\\t(No symbol) [0x00F9E111]', '\\t(No symbol) [0x00EA5588]', '\\t(No symbol) [0x00ED08F9]', '\\t(No symbol) [0x00ED0AFB]', ...]\n        status     = 'no such element'\n        value      = {'error': 'no such element', 'message': 'no such element: Unable to locate element: {\"method\":\"css selector\",\"selector...tlSubscribeWnfStateChangeNotification [0x77D11B69+1081]\\n\\tRtlSubscribeWnfStateChangeNotification [0x77D11B34+1028]\\n'}\n        value_json = '{\"value\":{\"error\":\"no such element\",\"message\":\"no such element: Unable to locate element: {\\\\\"method\\\\\":\\\\\"css select...scribeWnfStateChangeNotification [0x77D11B69+1081]\\\\n\\\\tRtlSubscribeWnfStateChangeNotification [0x77D11B34+1028]\\\\n\"}}'"}, "description": "\n    Test case TC-2\n    ", "start": 1682329062056, "stop": 1682329086213, "uuid": "5c43bc5e-42c8-4934-8f69-c5899d8c575a", "historyId": "09ac6b905e7ac66417c95d86a058a7ca", "testCaseId": "4fdd6adba16e950b161eae73ef4ccb14", "fullName": "tests.test_shop#test_products_group", "labels": [{"name": "parentSuite", "value": "tests"}, {"name": "suite", "value": "test_shop"}, {"name": "host", "value": "DDA"}, {"name": "thread", "value": "2632-MainThread"}, {"name": "framework", "value": "pytest"}, {"name": "language", "value": "cpython3"}, {"name": "package", "value": "tests.test_shop"}]}