{"name": "test_right_way", "status": "broken", "statusDetails": {"message": "selenium.common.exceptions.InvalidSelectorException: Message: invalid selector: Unable to locate an element with the xpath expression [//div[@id='cart-modal'] because of the following error:\nSyntaxError: Failed to execute 'evaluate' on 'Document': The string '[//div[@id='cart-modal']' is not a valid XPath expression.\n  (Session info: chrome=112.0.5615.138)\nStacktrace:\nBacktrace:\n\tGetHandleVerifier [0x0100DCE3+50899]\n\t(No symbol) [0x00F9E111]\n\t(No symbol) [0x00EA5588]\n\t(No symbol) [0x00EA7EDB]\n\t(No symbol) [0x00EA7DB0]\n\t(No symbol) [0x00EA8030]\n\t(No symbol) [0x00ED0552]\n\t(No symbol) [0x00ED0AFB]\n\t(No symbol) [0x00EFF902]\n\t(No symbol) [0x00EEB944]\n\t(No symbol) [0x00EFE01C]\n\t(No symbol) [0x00EEB6F6]\n\t(No symbol) [0x00EC7708]\n\t(No symbol) [0x00EC886D]\n\tGetHandleVerifier [0x01273EAE+2566302]\n\tGetHandleVerifier [0x012A92B1+2784417]\n\tGetHandleVerifier [0x012A327C+2759788]\n\tGetHandleVerifier [0x010A5740+672048]\n\t(No symbol) [0x00FA8872]\n\t(No symbol) [0x00FA41C8]\n\t(No symbol) [0x00FA42AB]\n\t(No symbol) [0x00F971B7]\n\tBaseThreadInitThunk [0x748E62C4+36]\n\tRtlSubscribeWnfStateChangeNotification [0x77D11B69+1081]\n\tRtlSubscribeWnfStateChangeNotification [0x77D11B34+1028]", "trace": "tests\\test_shop.py:93: in test_right_way\n    cart_is_visible = browser.find_element(\n        __pydevd_ret_val_dict = {'WebDriver.find_element': None, 'WebDriverWait.__init__': None, 'WebDriverWait.until': <selenium.webdriver.remote.web...on=\"7ef5a83a5a159108a9e3c0462a5851f4\", element=\"54edf807-6276-4110-9344-f8490fdf3b69\")>, 'WebElement.click': None, ...}\n        browser    = <selenium.webdriver.chrome.webdriver.WebDriver (session=\"7ef5a83a5a159108a9e3c0462a5851f4\")>\n        cleare_report = None\n        element    = <selenium.webdriver.remote.webelement.WebElement (session=\"7ef5a83a5a159108a9e3c0462a5851f4\", element=\"ca5b80e1-ac1b-41ab-b56d-5f741cc7cffb\")>\n        product    = <selenium.webdriver.remote.webelement.WebElement (session=\"7ef5a83a5a159108a9e3c0462a5851f4\", element=\"0dc75fc9-f8b2-47b6-8d0d-2a923147110a\")>\nenv\\Lib\\site-packages\\selenium\\webdriver\\remote\\webdriver.py:831: in find_element\n    return self.execute(Command.FIND_ELEMENT, {\"using\": by, \"value\": value})[\"value\"]\n        by         = 'xpath'\n        self       = <selenium.webdriver.chrome.webdriver.WebDriver (session=\"7ef5a83a5a159108a9e3c0462a5851f4\")>\n        value      = \"[//div[@id='cart-modal']\"\nenv\\Lib\\site-packages\\selenium\\webdriver\\remote\\webdriver.py:440: in execute\n    self.error_handler.check_response(response)\n        driver_command = 'findElement'\n        params     = {'using': 'xpath', 'value': \"[//div[@id='cart-modal']\"}\n        response   = {'status': 400, 'value': '{\"value\":{\"error\":\"invalid selector\",\"message\":\"invalid selector: Unable to locate an elemen...cribeWnfStateChangeNotification [0x77D11B69+1081]\\\\n\\\\tRtlSubscribeWnfStateChangeNotification [0x77D11B34+1028]\\\\n\"}}'}\n        self       = <selenium.webdriver.chrome.webdriver.WebDriver (session=\"7ef5a83a5a159108a9e3c0462a5851f4\")>\nenv\\Lib\\site-packages\\selenium\\webdriver\\remote\\errorhandler.py:245: in check_response\n    raise exception_class(message, screen, stacktrace)\nE   selenium.common.exceptions.InvalidSelectorException: Message: invalid selector: Unable to locate an element with the xpath expression [//div[@id='cart-modal'] because of the following error:\nE   SyntaxError: Failed to execute 'evaluate' on 'Document': The string '[//div[@id='cart-modal']' is not a valid XPath expression.\nE     (Session info: chrome=112.0.5615.138)\nE   Stacktrace:\nE   Backtrace:\nE   \tGetHandleVerifier [0x0100DCE3+50899]\nE   \t(No symbol) [0x00F9E111]\nE   \t(No symbol) [0x00EA5588]\nE   \t(No symbol) [0x00EA7EDB]\nE   \t(No symbol) [0x00EA7DB0]\nE   \t(No symbol) [0x00EA8030]\nE   \t(No symbol) [0x00ED0552]\nE   \t(No symbol) [0x00ED0AFB]\nE   \t(No symbol) [0x00EFF902]\nE   \t(No symbol) [0x00EEB944]\nE   \t(No symbol) [0x00EFE01C]\nE   \t(No symbol) [0x00EEB6F6]\nE   \t(No symbol) [0x00EC7708]\nE   \t(No symbol) [0x00EC886D]\nE   \tGetHandleVerifier [0x01273EAE+2566302]\nE   \tGetHandleVerifier [0x012A92B1+2784417]\nE   \tGetHandleVerifier [0x012A327C+2759788]\nE   \tGetHandleVerifier [0x010A5740+672048]\nE   \t(No symbol) [0x00FA8872]\nE   \t(No symbol) [0x00FA41C8]\nE   \t(No symbol) [0x00FA42AB]\nE   \t(No symbol) [0x00F971B7]\nE   \tBaseThreadInitThunk [0x748E62C4+36]\nE   \tRtlSubscribeWnfStateChangeNotification [0x77D11B69+1081]\nE   \tRtlSubscribeWnfStateChangeNotification [0x77D11B34+1028]\n        exception_class = <class 'selenium.common.exceptions.InvalidSelectorException'>\n        json       = <module 'json' from 'C:\\\\Users\\\\Дима\\\\AppData\\\\Local\\\\Programs\\\\Python\\\\Python311\\\\Lib\\\\json\\\\__init__.py'>\n        message    = \"invalid selector: Unable to locate an element with the xpath expression [//div[@id='cart-modal'] because of the follo...ment': The string '[//div[@id='cart-modal']' is not a valid XPath expression.\\n  (Session info: chrome=112.0.5615.138)\"\n        response   = {'status': 400, 'value': '{\"value\":{\"error\":\"invalid selector\",\"message\":\"invalid selector: Unable to locate an elemen...cribeWnfStateChangeNotification [0x77D11B69+1081]\\\\n\\\\tRtlSubscribeWnfStateChangeNotification [0x77D11B34+1028]\\\\n\"}}'}\n        screen     = None\n        self       = <selenium.webdriver.remote.errorhandler.ErrorHandler object at 0x000001B182A54510>\n        st_value   = 'Backtrace:\\n\\tGetHandleVerifier [0x0100DCE3+50899]\\n\\t(No symbol) [0x00F9E111]\\n\\t(No symbol) [0x00EA5588]\\n\\t(No sym...RtlSubscribeWnfStateChangeNotification [0x77D11B69+1081]\\n\\tRtlSubscribeWnfStateChangeNotification [0x77D11B34+1028]\\n'\n        stacktrace = ['Backtrace:', '\\tGetHandleVerifier [0x0100DCE3+50899]', '\\t(No symbol) [0x00F9E111]', '\\t(No symbol) [0x00EA5588]', '\\t(No symbol) [0x00EA7EDB]', '\\t(No symbol) [0x00EA7DB0]', ...]\n        status     = 'invalid selector'\n        value      = {'error': 'invalid selector', 'message': \"invalid selector: Unable to locate an element with the xpath expression [//d...tlSubscribeWnfStateChangeNotification [0x77D11B69+1081]\\n\\tRtlSubscribeWnfStateChangeNotification [0x77D11B34+1028]\\n'}\n        value_json = '{\"value\":{\"error\":\"invalid selector\",\"message\":\"invalid selector: Unable to locate an element with the xpath expressi...scribeWnfStateChangeNotification [0x77D11B69+1081]\\\\n\\\\tRtlSubscribeWnfStateChangeNotification [0x77D11B34+1028]\\\\n\"}}'"}, "description": "\n    Test case TC-4\n    ", "start": 1682348822047, "stop": 1682348904335, "uuid": "479f8f84-b3d5-48cb-af1f-2747993c5126", "historyId": "832350b147fac251f172289a626c5cba", "testCaseId": "7b8323124234f69a8fde1e3de50f452e", "fullName": "tests.test_shop#test_right_way", "labels": [{"name": "parentSuite", "value": "tests"}, {"name": "suite", "value": "test_shop"}, {"name": "host", "value": "DDA"}, {"name": "thread", "value": "8284-MainThread"}, {"name": "framework", "value": "pytest"}, {"name": "language", "value": "cpython3"}, {"name": "package", "value": "tests.test_shop"}]}